<?xml version="1.0" encoding="UTF-8"?>
<!-- Generated by org.testng.reporters.JUnitReportReporter -->
<testsuite hostname="LAPTOP-EF12SP7B" failures="0" tests="1" name="Java.PS1" time="0.014" errors="0" timestamp="2024-06-24T20:38:33 IST" skipped="0">
  <testcase classname="Java.PS1" name="testRun" time="0.014"/>
  <system-out/>
</testsuite> <!-- Java.PS1 -->
